#
# There is insufficient memory for the Java Runtime Environment to continue.
# Native memory allocation (malloc) failed to allocate 178913280 bytes for committing reserved memory.
# Possible reasons:
#   The system is out of physical RAM or swap space
#   In 32 bit mode, the process size limit was hit
# Possible solutions:
#   Reduce memory load on the system
#   Increase physical memory or swap space
#   Check if swap backing store is full
#   Use 64 bit Java on a 64 bit OS
#   Decrease Java heap size (-Xmx/-Xms)
#   Decrease number of Java threads
#   Decrease Java thread stack sizes (-Xss)
#   Set larger code cache with -XX:ReservedCodeCacheSize=
# This output file may be truncated or incomplete.
#
#  Out of Memory Error (os_linux.cpp:2769), pid=13083, tid=3063180096
#
# JRE version:  (7.0_55-b14) (build )
# Java VM: OpenJDK Client VM (24.51-b03 mixed mode, sharing linux-x86 )
# Failed to write core dump. Core dumps have been disabled. To enable core dumping, try "ulimit -c unlimited" before starting Java again
#

---------------  T H R E A D  ---------------

Current thread (0xb6707800):  JavaThread "Unknown thread" [_thread_in_vm, id=13084, stack(0xb6846000,0xb6947000)]

Stack: [0xb6846000,0xb6947000]

---------------  P R O C E S S  ---------------

Java Threads: ( => current thread )

Other Threads:

=>0xb6707800 (exited) JavaThread "Unknown thread" [_thread_in_vm, id=13084, stack(0xb6846000,0xb6947000)]

VM state:not at safepoint (not fully initialized)

VM Mutex/Monitor currently owned by a thread: None

GC Heap History (0 events):
No events

Deoptimization events (0 events):
No events

Internal exceptions (0 events):
No events

Events (0 events):
No events


Dynamic libraries:
08048000-08049000 r-xp 00000000 08:01 292913     /usr/lib/jvm/java-7-openjdk-i386/jre/bin/java
08049000-0804a000 r--p 00000000 08:01 292913     /usr/lib/jvm/java-7-openjdk-i386/jre/bin/java
0804a000-0804b000 rw-p 00001000 08:01 292913     /usr/lib/jvm/java-7-openjdk-i386/jre/bin/java
08d9a000-08dbb000 rw-p 00000000 00:00 0          [heap]
15120000-8c480000 rw-p 00000000 00:00 0 
a9faa000-aa3b5000 rw-p 00000000 00:00 0 
aa3b5000-aa3b7000 rw-p 00000000 00:00 0 
aa3b7000-aa6b6000 rw-p 00000000 00:00 0 
aa6b6000-aa6de000 rwxp 00000000 00:00 0 
aa6de000-b66b6000 rw-p 00000000 00:00 0 
b66b6000-b66c1000 r-xp 00000000 08:01 788502     /lib/i386-linux-gnu/libnss_files-2.19.so
b66c1000-b66c2000 r--p 0000a000 08:01 788502     /lib/i386-linux-gnu/libnss_files-2.19.so
b66c2000-b66c3000 rw-p 0000b000 08:01 788502     /lib/i386-linux-gnu/libnss_files-2.19.so
b66c3000-b66cd000 r-xp 00000000 08:01 788512     /lib/i386-linux-gnu/libnss_nis-2.19.so
b66cd000-b66ce000 r--p 00009000 08:01 788512     /lib/i386-linux-gnu/libnss_nis-2.19.so
b66ce000-b66cf000 rw-p 0000a000 08:01 788512     /lib/i386-linux-gnu/libnss_nis-2.19.so
b66cf000-b66e4000 r-xp 00000000 08:01 788496     /lib/i386-linux-gnu/libnsl-2.19.so
b66e4000-b66e5000 r--p 00015000 08:01 788496     /lib/i386-linux-gnu/libnsl-2.19.so
b66e5000-b66e6000 rw-p 00016000 08:01 788496     /lib/i386-linux-gnu/libnsl-2.19.so
b66e6000-b66e8000 rw-p 00000000 00:00 0 
b66f6000-b66fe000 r-xp 00000000 08:01 292888     /usr/lib/jvm/java-7-openjdk-i386/jre/lib/i386/libzip.so
b66fe000-b66ff000 r--p 00007000 08:01 292888     /usr/lib/jvm/java-7-openjdk-i386/jre/lib/i386/libzip.so
b66ff000-b6700000 rw-p 00008000 08:01 292888     /usr/lib/jvm/java-7-openjdk-i386/jre/lib/i386/libzip.so
b6700000-b6721000 rw-p 00000000 00:00 0 
b6721000-b6800000 ---p 00000000 00:00 0 
b6803000-b680b000 rw-s 00000000 08:01 1619492    /tmp/hsperfdata_nicolas/13083
b680b000-b6812000 r-xp 00000000 08:01 788498     /lib/i386-linux-gnu/libnss_compat-2.19.so
b6812000-b6813000 r--p 00006000 08:01 788498     /lib/i386-linux-gnu/libnss_compat-2.19.so
b6813000-b6814000 rw-p 00007000 08:01 788498     /lib/i386-linux-gnu/libnss_compat-2.19.so
b6814000-b683b000 r-xp 00000000 08:01 292868     /usr/lib/jvm/java-7-openjdk-i386/jre/lib/i386/libjava.so
b683b000-b683c000 r--p 00026000 08:01 292868     /usr/lib/jvm/java-7-openjdk-i386/jre/lib/i386/libjava.so
b683c000-b683d000 rw-p 00027000 08:01 292868     /usr/lib/jvm/java-7-openjdk-i386/jre/lib/i386/libjava.so
b683d000-b6844000 r-xp 00000000 08:01 788555     /lib/i386-linux-gnu/librt-2.19.so
b6844000-b6845000 r--p 00006000 08:01 788555     /lib/i386-linux-gnu/librt-2.19.so
b6845000-b6846000 rw-p 00007000 08:01 788555     /lib/i386-linux-gnu/librt-2.19.so
b6846000-b6849000 ---p 00000000 00:00 0 
b6849000-b6947000 rw-p 00000000 00:00 0          [stack:13084]
b6947000-b6963000 r-xp 00000000 08:01 788454     /lib/i386-linux-gnu/libgcc_s.so.1
b6963000-b6964000 rw-p 0001b000 08:01 788454     /lib/i386-linux-gnu/libgcc_s.so.1
b6964000-b69a8000 r-xp 00000000 08:01 788477     /lib/i386-linux-gnu/libm-2.19.so
b69a8000-b69a9000 r--p 00043000 08:01 788477     /lib/i386-linux-gnu/libm-2.19.so
b69a9000-b69aa000 rw-p 00044000 08:01 788477     /lib/i386-linux-gnu/libm-2.19.so
b69aa000-b6a86000 r-xp 00000000 08:01 136430     /usr/lib/i386-linux-gnu/libstdc++.so.6.0.19
b6a86000-b6a87000 ---p 000dc000 08:01 136430     /usr/lib/i386-linux-gnu/libstdc++.so.6.0.19
b6a87000-b6a8b000 r--p 000dc000 08:01 136430     /usr/lib/i386-linux-gnu/libstdc++.so.6.0.19
b6a8b000-b6a8c000 rw-p 000e0000 08:01 136430     /usr/lib/i386-linux-gnu/libstdc++.so.6.0.19
b6a8c000-b6a93000 rw-p 00000000 00:00 0 
b6a93000-b70a9000 r-xp 00000000 08:01 292886     /usr/lib/jvm/java-7-openjdk-i386/jre/lib/i386/client/libjvm.so
b70a9000-b70bf000 r--p 00615000 08:01 292886     /usr/lib/jvm/java-7-openjdk-i386/jre/lib/i386/client/libjvm.so
b70bf000-b70ce000 rw-p 0062b000 08:01 292886     /usr/lib/jvm/java-7-openjdk-i386/jre/lib/i386/client/libjvm.so
b70ce000-b74e9000 rw-p 00000000 00:00 0 
b74e9000-b7501000 r-xp 00000000 08:01 788588     /lib/i386-linux-gnu/libz.so.1.2.8
b7501000-b7502000 r--p 00017000 08:01 788588     /lib/i386-linux-gnu/libz.so.1.2.8
b7502000-b7503000 rw-p 00018000 08:01 788588     /lib/i386-linux-gnu/libz.so.1.2.8
b7503000-b751b000 r-xp 00000000 08:01 788547     /lib/i386-linux-gnu/libpthread-2.19.so
b751b000-b751c000 r--p 00017000 08:01 788547     /lib/i386-linux-gnu/libpthread-2.19.so
b751c000-b751d000 rw-p 00018000 08:01 788547     /lib/i386-linux-gnu/libpthread-2.19.so
b751d000-b751f000 rw-p 00000000 00:00 0 
b751f000-b7522000 r-xp 00000000 08:01 788444     /lib/i386-linux-gnu/libdl-2.19.so
b7522000-b7523000 r--p 00002000 08:01 788444     /lib/i386-linux-gnu/libdl-2.19.so
b7523000-b7524000 rw-p 00003000 08:01 788444     /lib/i386-linux-gnu/libdl-2.19.so
b7524000-b76cd000 r-xp 00000000 08:01 788427     /lib/i386-linux-gnu/libc-2.19.so
b76cd000-b76cf000 r--p 001a9000 08:01 788427     /lib/i386-linux-gnu/libc-2.19.so
b76cf000-b76d0000 rw-p 001ab000 08:01 788427     /lib/i386-linux-gnu/libc-2.19.so
b76d0000-b76d4000 rw-p 00000000 00:00 0 
b76da000-b76db000 rw-p 00000000 00:00 0 
b76db000-b76dc000 r--p 00000000 00:00 0 
b76dc000-b76ea000 r-xp 00000000 08:01 292879     /usr/lib/jvm/java-7-openjdk-i386/jre/lib/i386/libverify.so
b76ea000-b76eb000 r--p 0000d000 08:01 292879     /usr/lib/jvm/java-7-openjdk-i386/jre/lib/i386/libverify.so
b76eb000-b76ec000 rw-p 0000e000 08:01 292879     /usr/lib/jvm/java-7-openjdk-i386/jre/lib/i386/libverify.so
b76ec000-b76f8000 r-xp 00000000 08:01 292870     /usr/lib/jvm/java-7-openjdk-i386/jre/lib/i386/jli/libjli.so
b76f8000-b76f9000 r--p 0000c000 08:01 292870     /usr/lib/jvm/java-7-openjdk-i386/jre/lib/i386/jli/libjli.so
b76f9000-b76fa000 rw-p 0000d000 08:01 292870     /usr/lib/jvm/java-7-openjdk-i386/jre/lib/i386/jli/libjli.so
b76fa000-b76fc000 rw-p 00000000 00:00 0 
b76fc000-b76fd000 r-xp 00000000 00:00 0          [vdso]
b76fd000-b771d000 r-xp 00000000 08:01 788403     /lib/i386-linux-gnu/ld-2.19.so
b771d000-b771e000 r--p 0001f000 08:01 788403     /lib/i386-linux-gnu/ld-2.19.so
b771e000-b771f000 rw-p 00020000 08:01 788403     /lib/i386-linux-gnu/ld-2.19.so
bfb6f000-bfb90000 rw-p 00000000 00:00 0          [stack]

VM Arguments:
jvm_args: -Xms512M -Xmx1536M -Xss1M -XX:ReservedCodeCacheSize=192m -XX:+CMSClassUnloadingEnabled -XX:MaxPermSize=512M -Dfile.encoding=UTF-8 -Dplay.version=2.2.3 -Dplay.home=../play-2.2.3/framework -Dsbt.boot.properties=../play-2.2.3/framework/sbt/sbt.boot.properties -Dsbt.scala.version=2.10.3 
java_command: ../play-2.2.3/framework/sbt/sbt-launch.jar run
Launcher Type: SUN_STANDARD

Environment Variables:
PATH=/usr/local/sbin:/usr/local/bin:/usr/sbin:/usr/bin:/sbin:/bin:/usr/games:/usr/local/games
SHELL=/bin/bash
DISPLAY=:0.0

Signal Handlers:
SIGSEGV: [libjvm.so+0x4d6860], sa_mask[0]=0x7ffbfeff, sa_flags=0x10000004
SIGBUS: [libjvm.so+0x4d6860], sa_mask[0]=0x7ffbfeff, sa_flags=0x10000004
SIGFPE: [libjvm.so+0x3babf0], sa_mask[0]=0x7ffbfeff, sa_flags=0x10000004
SIGPIPE: [libjvm.so+0x3babf0], sa_mask[0]=0x7ffbfeff, sa_flags=0x10000004
SIGXFSZ: [libjvm.so+0x3babf0], sa_mask[0]=0x7ffbfeff, sa_flags=0x10000004
SIGILL: [libjvm.so+0x3babf0], sa_mask[0]=0x7ffbfeff, sa_flags=0x10000004
SIGUSR1: SIG_DFL, sa_mask[0]=0x00000000, sa_flags=0x00000000
SIGUSR2: [libjvm.so+0x3baa80], sa_mask[0]=0x00000000, sa_flags=0x10000004
SIGHUP: SIG_DFL, sa_mask[0]=0x00000000, sa_flags=0x00000000
SIGINT: SIG_DFL, sa_mask[0]=0x00000000, sa_flags=0x00000000
SIGTERM: SIG_DFL, sa_mask[0]=0x00000000, sa_flags=0x00000000
SIGQUIT: SIG_DFL, sa_mask[0]=0x00000000, sa_flags=0x00000000


---------------  S Y S T E M  ---------------

OS:Ubuntu 14.04 (trusty)
uname:Linux 3.13.0-24-generic #46-Ubuntu SMP Thu Apr 10 19:08:14 UTC 2014 i686
libc:glibc 2.19 NPTL 2.19 
rlimit: STACK 8192k, CORE 0k, NPROC 7866, NOFILE 4096, AS infinity
load average:3.68 2.05 1.65

/proc/meminfo:
MemTotal:        1025956 kB
MemFree:           95360 kB
Buffers:            1532 kB
Cached:            33116 kB
SwapCached:            0 kB
Active:           863036 kB
Inactive:          27612 kB
Active(anon):     856872 kB
Inactive(anon):     4440 kB
Active(file):       6164 kB
Inactive(file):    23172 kB
Unevictable:           0 kB
Mlocked:               0 kB
HighTotal:        135112 kB
HighFree:           1784 kB
LowTotal:         890844 kB
LowFree:           93576 kB
SwapTotal:             0 kB
SwapFree:              0 kB
Dirty:               148 kB
Writeback:             0 kB
AnonPages:        856164 kB
Mapped:            14760 kB
Shmem:              5156 kB
Slab:              20328 kB
SReclaimable:       8924 kB
SUnreclaim:        11404 kB
KernelStack:        3200 kB
PageTables:         7424 kB
NFS_Unstable:          0 kB
Bounce:                0 kB
WritebackTmp:          0 kB
CommitLimit:      512976 kB
Committed_AS:    2474676 kB
VmallocTotal:     122880 kB
VmallocUsed:       20740 kB
VmallocChunk:      96200 kB
HardwareCorrupted:     0 kB
AnonHugePages:    368640 kB
HugePages_Total:       0
HugePages_Free:        0
HugePages_Rsvd:        0
HugePages_Surp:        0
Hugepagesize:       2048 kB
DirectMap4k:       28664 kB
DirectMap2M:      884736 kB


CPU:total 2 (2 cores per cpu, 1 threads per core) family 6 model 42 stepping 7, cmov, cx8, fxsr, mmx, sse, sse2, sse3, ssse3, tsc

/proc/cpuinfo:
processor	: 0
vendor_id	: GenuineIntel
cpu family	: 6
model		: 42
model name	: Intel(R) Core(TM) i5-2400 CPU @ 3.10GHz
stepping	: 7
cpu MHz		: 2990.343
cache size	: 6144 KB
physical id	: 0
siblings	: 2
core id		: 0
cpu cores	: 2
apicid		: 0
initial apicid	: 0
fdiv_bug	: no
f00f_bug	: no
coma_bug	: no
fpu		: yes
fpu_exception	: yes
cpuid level	: 5
wp		: yes
flags		: fpu vme de pse tsc msr pae mce cx8 apic sep mtrr pge mca cmov pat pse36 clflush mmx fxsr sse sse2 ht nx rdtscp constant_tsc pni ssse3
bogomips	: 5980.68
clflush size	: 64
cache_alignment	: 64
address sizes	: 36 bits physical, 48 bits virtual
power management:

processor	: 1
vendor_id	: GenuineIntel
cpu family	: 6
model		: 42
model name	: Intel(R) Core(TM) i5-2400 CPU @ 3.10GHz
stepping	: 7
cpu MHz		: 2990.343
cache size	: 6144 KB
physical id	: 0
siblings	: 2
core id		: 1
cpu cores	: 2
apicid		: 1
initial apicid	: 1
fdiv_bug	: no
f00f_bug	: no
coma_bug	: no
fpu		: yes
fpu_exception	: yes
cpuid level	: 5
wp		: yes
flags		: fpu vme de pse tsc msr pae mce cx8 apic sep mtrr pge mca cmov pat pse36 clflush mmx fxsr sse sse2 ht nx rdtscp constant_tsc pni ssse3
bogomips	: 5980.68
clflush size	: 64
cache_alignment	: 64
address sizes	: 36 bits physical, 48 bits virtual
power management:



Memory: 4k page, physical 1025956k(95360k free), swap 0k(0k free)

vm_info: OpenJDK Client VM (24.51-b03) for linux-x86 JRE (1.7.0_55-b14), built on Apr 17 2014 20:12:39 by "buildd" with gcc 4.8.2

time: Thu May 29 16:36:58 2014
elapsed time: 0 seconds

